\BOOKMARK [0][-]{chapter*.14}{List of figures}{}% 1
\BOOKMARK [0][-]{chapter*.15}{List of tables}{}% 2
\BOOKMARK [0][-]{chapter.1}{Introduction}{}% 3
\BOOKMARK [1][-]{section.1.1}{Research aims}{chapter.1}% 4
\BOOKMARK [1][-]{section.1.2}{Thesis Outline and Contributions}{chapter.1}% 5
\BOOKMARK [0][-]{chapter.2}{Literature review}{}% 6
\BOOKMARK [1][-]{section.2.1}{Scramjets}{chapter.2}% 7
\BOOKMARK [1][-]{section.2.2}{Reusable Satellite Launch Systems}{chapter.2}% 8
\BOOKMARK [1][-]{section.2.3}{Small Satellite Launchers}{chapter.2}% 9
\BOOKMARK [1][-]{section.2.4}{Airbreathing Access to Space Systems}{chapter.2}% 10
\BOOKMARK [2][-]{subsection.2.4.1}{Small Airbreathing Launchers}{section.2.4}% 11
\BOOKMARK [2][-]{subsection.2.4.2}{Partially-Airbreathing Launch Vehicle Ascent Trajectories}{section.2.4}% 12
\BOOKMARK [2][-]{subsection.2.4.3}{Hypersonic Vehicle Flyback Trajectories}{section.2.4}% 13
\BOOKMARK [2][-]{subsection.2.4.4}{Examples of Optimised Fly-Back Trajectories}{section.2.4}% 14
\BOOKMARK [1][-]{section.2.5}{The SPARTAN}{chapter.2}% 15
\BOOKMARK [2][-]{subsection.2.5.1}{Scramjet Engine Model}{section.2.5}% 16
\BOOKMARK [1][-]{section.2.6}{Exoatmospheric Rocket Engines}{chapter.2}% 17
\BOOKMARK [1][-]{section.2.7}{Optimal Control}{chapter.2}% 18
\BOOKMARK [2][-]{subsection.2.7.1}{The Single Shooting Method}{section.2.7}% 19
\BOOKMARK [2][-]{subsection.2.7.2}{The Multiple Shooting Method}{section.2.7}% 20
\BOOKMARK [2][-]{subsection.2.7.3}{The Pseudospectral Method}{section.2.7}% 21
\BOOKMARK [2][-]{subsection.2.7.4}{Pseudospectral Examples}{section.2.7}% 22
\BOOKMARK [2][-]{subsection.2.7.5}{Available Solvers}{section.2.7}% 23
\BOOKMARK [1][-]{section.2.8}{Aerodynamic Analysis}{chapter.2}% 24
\BOOKMARK [2][-]{subsection.2.8.1}{HYPAERO}{section.2.8}% 25
\BOOKMARK [2][-]{subsection.2.8.2}{CART3D}{section.2.8}% 26
\BOOKMARK [2][-]{subsection.2.8.3}{Missile DATCOM}{section.2.8}% 27
\BOOKMARK [1][-]{section.2.9}{Summary}{chapter.2}% 28
\BOOKMARK [0][-]{chapter.3}{Launch Vehicle Design and Simulation}{}% 29
\BOOKMARK [1][-]{section.3.1}{Second Stage Scramjet}{chapter.3}% 30
\BOOKMARK [2][-]{subsection.3.1.1}{The SPARTAN Accelerator}{section.3.1}% 31
\BOOKMARK [2][-]{subsection.3.1.2}{Propulsion}{section.3.1}% 32
\BOOKMARK [2][-]{subsection.3.1.3}{The Aerodynamics of the SPARTAN}{section.3.1}% 33
\BOOKMARK [1][-]{section.3.2}{First Stage Rocket}{chapter.3}% 34
\BOOKMARK [2][-]{subsection.3.2.1}{Aerodynamics Including First Stage}{section.3.2}% 35
\BOOKMARK [1][-]{section.3.3}{Third Stage Rocket - Baseline}{chapter.3}% 36
\BOOKMARK [2][-]{subsection.3.3.1}{Heat Shield Sizing}{section.3.3}% 37
\BOOKMARK [2][-]{subsection.3.3.2}{Fuel Tank Sizing}{section.3.3}% 38
\BOOKMARK [2][-]{subsection.3.3.3}{The Aerodynamics of the Third Stage Rocket}{section.3.3}% 39
\BOOKMARK [0][-]{chapter.4}{LODESTAR}{}% 40
\BOOKMARK [1][-]{section.4.1}{Optimal Control}{chapter.4}% 41
\BOOKMARK [2][-]{subsection.4.1.1}{GPOPS-2 Example - Brachistochrone Problem}{section.4.1}% 42
\BOOKMARK [1][-]{section.4.2}{The Trajectory Optimal Control Problems}{chapter.4}% 43
\BOOKMARK [2][-]{subsection.4.2.1}{Dynamic Model}{section.4.2}% 44
\BOOKMARK [2][-]{subsection.4.2.2}{Trajectory Connection Points}{section.4.2}% 45
\BOOKMARK [2][-]{subsection.4.2.3}{First Stage Trajectory}{section.4.2}% 46
\BOOKMARK [2][-]{subsection.4.2.4}{Second Stage Trajectory}{section.4.2}% 47
\BOOKMARK [2][-]{subsection.4.2.5}{Second Stage Return Trajectory}{section.4.2}% 48
\BOOKMARK [2][-]{subsection.4.2.6}{Third Stage Trajectory}{section.4.2}% 49
\BOOKMARK [2][-]{subsection.4.2.7}{Combined Second Stage Ascent \046 Return Trajectory}{section.4.2}% 50
\BOOKMARK [2][-]{subsection.4.2.8}{Validation}{section.4.2}% 51
\BOOKMARK [0][-]{chapter.5}{Trajectories Involving Flyback}{}% 52
\BOOKMARK [1][-]{section.5.1}{Flyback trajectories }{chapter.5}% 53
\BOOKMARK [1][-]{section.5.2}{Sensitivity Analysis}{chapter.5}% 54
\BOOKMARK [0][-]{chapter.6}{Full Trajectory Optimisation}{}% 55
\BOOKMARK [0][-]{chapter.7}{Third Stage Sizing Study}{}% 56
\BOOKMARK [1][-]{section.7.1}{Third Stage Sizing}{chapter.7}% 57
\BOOKMARK [0][-]{chapter.8}{Conclusions}{}% 58
\BOOKMARK [1][-]{section.8.1}{Recommendations for future work}{chapter.8}% 59
\BOOKMARK [0][-]{chapter*.111}{Library}{}% 60
\BOOKMARK [0][-]{appendix.A}{CART3D Results}{}% 61
\BOOKMARK [1][-]{section.A.1}{Engine-On Plume Check}{appendix.A}% 62
\BOOKMARK [1][-]{section.A.2}{CART3D Results}{appendix.A}% 63
